<?xml version="1.0" encoding="utf-8"?><testsuites name="pytest tests"><testsuite name="pytest" errors="0" failures="0" skipped="0" tests="14" time="2.985" timestamp="2026-06-19T05:35:18.500258+00:00" hostname="agent-env-0f5c695e-c623-4f8c-b3bf-f8812d9265d2"><testcase classname="backend.tests.test_public_api_flows" name="test_api_root_ready" time="0.215" /><testcase classname="backend.tests.test_public_api_flows" name="test_products_list_has_expected_shape" time="0.047" /><testcase classname="backend.tests.test_public_api_flows" name="test_required_product_slug_digital_forward_2" time="0.044" /><testcase classname="backend.tests.test_public_api_flows" name="test_contact_submit_success" time="0.089" /><testcase classname="backend.tests.test_public_api_flows" name="test_newsletter_submit_success" time="0.042" /><testcase classname="backend.tests.test_public_api_flows" name="test_checkout_invalid_product_returns_404" time="0.083" /><testcase classname="backend.tests.test_public_api_flows" name="test_checkout_invalid_origin_returns_400" time="0.041" /><testcase classname="backend.tests.test_public_api_flows" name="test_checkout_create_session_success" time="0.739" /><testcase classname="backend.tests.test_public_api_flows" name="test_payment_status_for_created_session" time="0.698" /><testcase classname="backend.tests.test_site_content_and_regression" name="test_site_content_get_has_required_business_sections" time="0.092" /><testcase classname="backend.tests.test_site_content_and_regression" name="test_site_content_put_update_and_verify" time="0.168" /><testcase classname="backend.tests.test_site_content_and_regression" name="test_site_content_reset_restores_defaults" time="0.089" /><testcase classname="backend.tests.test_site_content_and_regression" name="test_contact_and_newsletter_regression" time="0.127" /><testcase classname="backend.tests.test_site_content_and_regression" name="test_checkout_session_creation_regression" time="0.437" /></testsuite></testsuites>