<?xml version="1.0" encoding="utf-8"?><testsuites name="pytest tests"><testsuite name="pytest" errors="0" failures="0" skipped="0" tests="14" time="2.769" timestamp="2026-06-19T11:31:25.926947+00:00" hostname="agent-env-0f5c695e-c623-4f8c-b3bf-f8812d9265d2"><testcase classname="backend.tests.test_public_api_flows" name="test_api_root_ready" time="0.130" /><testcase classname="backend.tests.test_public_api_flows" name="test_products_list_has_expected_shape" time="0.045" /><testcase classname="backend.tests.test_public_api_flows" name="test_required_product_slug_digital_forward_2" time="0.079" /><testcase classname="backend.tests.test_public_api_flows" name="test_contact_submit_success" time="0.053" /><testcase classname="backend.tests.test_public_api_flows" name="test_newsletter_submit_success" time="0.043" /><testcase classname="backend.tests.test_public_api_flows" name="test_checkout_invalid_product_returns_404" time="0.081" /><testcase classname="backend.tests.test_public_api_flows" name="test_checkout_invalid_origin_returns_400" time="0.044" /><testcase classname="backend.tests.test_public_api_flows" name="test_checkout_create_session_success" time="0.633" /><testcase classname="backend.tests.test_public_api_flows" name="test_payment_status_for_created_session" time="0.721" /><testcase classname="backend.tests.test_site_content_and_regression" name="test_site_content_get_has_required_business_sections" time="0.125" /><testcase classname="backend.tests.test_site_content_and_regression" name="test_site_content_put_update_and_verify" time="0.132" /><testcase classname="backend.tests.test_site_content_and_regression" name="test_site_content_reset_restores_defaults" time="0.089" /><testcase classname="backend.tests.test_site_content_and_regression" name="test_contact_and_newsletter_regression" time="0.086" /><testcase classname="backend.tests.test_site_content_and_regression" name="test_checkout_session_creation_regression" time="0.425" /></testsuite></testsuites>