<?xml version="1.0" encoding="utf-8"?><testsuites name="pytest tests"><testsuite name="pytest" errors="0" failures="0" skipped="0" tests="27" time="6.968" timestamp="2026-06-19T13:32:37.626671+00:00" hostname="agent-env-0f5c695e-c623-4f8c-b3bf-f8812d9265d2"><testcase classname="backend.tests.test_admin_product_images" name="test_admin_products_update_preserves_images_array" time="0.341" /><testcase classname="backend.tests.test_admin_product_images" name="test_public_product_endpoint_reflects_saved_images" time="0.088" /><testcase classname="backend.tests.test_new_features_delivery_analytics" name="test_admin_product_file_upload_and_public_metadata_sanitized" time="0.286" /><testcase classname="backend.tests.test_new_features_delivery_analytics" name="test_downloads_api_blocks_unpaid_session" time="0.730" /><testcase classname="backend.tests.test_new_features_delivery_analytics" name="test_downloads_api_returns_links_for_paid_and_file_bytes" time="0.200" /><testcase classname="backend.tests.test_new_features_delivery_analytics" name="test_analytics_event_capture_and_admin_summary_filters" time="0.393" /><testcase classname="backend.tests.test_new_features_delivery_analytics" name="test_public_products_no_example_com_purchase_urls" time="0.048" /><testcase classname="backend.tests.test_new_features_delivery_analytics" name="test_admin_product_purchase_url_editable" time="0.293" /><testcase classname="backend.tests.test_payments_status_fallback_regression" name="test_paid_downloads_available_before_status_poll" time="0.271" /><testcase classname="backend.tests.test_payments_status_fallback_regression" name="test_paid_status_fallback_does_not_downgrade_paid_state" time="0.368" /><testcase classname="backend.tests.test_payments_status_fallback_regression" name="test_paid_downloads_still_available_after_status_poll" time="0.417" /><testcase classname="backend.tests.test_payments_status_fallback_regression" name="test_unpaid_session_still_has_no_download_links" time="0.809" /><testcase classname="backend.tests.test_payments_status_fallback_regression" name="test_admin_analytics_dashboard_blog_testimonials_smoke" time="0.150" /><testcase classname="backend.tests.test_public_api_flows" name="test_api_root_ready" time="0.111" /><testcase classname="backend.tests.test_public_api_flows" name="test_products_list_has_expected_shape" time="0.047" /><testcase classname="backend.tests.test_public_api_flows" name="test_required_product_slug_digital_forward_2" time="0.046" /><testcase classname="backend.tests.test_public_api_flows" name="test_contact_submit_success" time="0.048" /><testcase classname="backend.tests.test_public_api_flows" name="test_newsletter_submit_success" time="0.049" /><testcase classname="backend.tests.test_public_api_flows" name="test_checkout_invalid_product_returns_404" time="0.050" /><testcase classname="backend.tests.test_public_api_flows" name="test_checkout_invalid_origin_returns_400" time="0.048" /><testcase classname="backend.tests.test_public_api_flows" name="test_checkout_create_session_success" time="0.449" /><testcase classname="backend.tests.test_public_api_flows" name="test_payment_status_for_created_session" time="0.676" /><testcase classname="backend.tests.test_site_content_and_regression" name="test_site_content_get_has_required_business_sections" time="0.113" /><testcase classname="backend.tests.test_site_content_and_regression" name="test_site_content_put_update_and_verify" time="0.134" /><testcase classname="backend.tests.test_site_content_and_regression" name="test_site_content_reset_restores_defaults" time="0.093" /><testcase classname="backend.tests.test_site_content_and_regression" name="test_contact_and_newsletter_regression" time="0.124" /><testcase classname="backend.tests.test_site_content_and_regression" name="test_checkout_session_creation_regression" time="0.417" /></testsuite></testsuites>