<?xml version="1.0" encoding="utf-8"?><testsuites name="pytest tests"><testsuite name="pytest" errors="0" failures="0" skipped="0" tests="8" time="1.853" timestamp="2026-06-19T14:30:33.019858+00:00" hostname="agent-env-0f5c695e-c623-4f8c-b3bf-f8812d9265d2"><testcase classname="backend.tests.test_iteration7_admin_delivery_analytics_seo" name="test_admin_login_works" time="0.197" /><testcase classname="backend.tests.test_iteration7_admin_delivery_analytics_seo" name="test_all_products_have_placeholder_delivery_files_public_metadata" time="0.049" /><testcase classname="backend.tests.test_iteration7_admin_delivery_analytics_seo" name="test_all_products_have_delivery_files_in_admin_dashboard" time="0.091" /><testcase classname="backend.tests.test_iteration7_admin_delivery_analytics_seo" name="test_admin_analytics_cards_and_export_endpoints" time="0.328" /><testcase classname="backend.tests.test_iteration7_admin_delivery_analytics_seo" name="test_scheduled_report_settings_present_in_dashboard_content" time="0.045" /><testcase classname="backend.tests.test_iteration7_admin_delivery_analytics_seo" name="test_blog_seo_fields_exist_in_admin_payload" time="0.044" /><testcase classname="backend.tests.test_iteration7_admin_delivery_analytics_seo" name="test_music_previews_placeholder_visibility" time="0.051" /><testcase classname="backend.tests.test_iteration7_admin_delivery_analytics_seo" name="test_paid_download_gating_unpaid_and_seeded_paid" time="0.892" /></testsuite></testsuites>