<?xml version="1.0" encoding="utf-8"?><testsuites name="pytest tests"><testsuite name="pytest" errors="0" failures="0" skipped="0" tests="2" time="0.493" timestamp="2026-06-19T12:40:52.441923+00:00" hostname="agent-env-0f5c695e-c623-4f8c-b3bf-f8812d9265d2"><testcase classname="backend.tests.test_admin_product_images" name="test_admin_products_update_preserves_images_array" time="0.329" /><testcase classname="backend.tests.test_admin_product_images" name="test_public_product_endpoint_reflects_saved_images" time="0.095" /></testsuite></testsuites>