<?xml version="1.0" encoding="utf-8"?><testsuites name="pytest tests"><testsuite name="pytest" errors="0" failures="1" skipped="0" tests="5" time="2.430" timestamp="2026-06-19T13:30:33.559804+00:00" hostname="agent-env-0f5c695e-c623-4f8c-b3bf-f8812d9265d2"><testcase classname="backend.tests.test_payments_status_fallback_regression" name="test_paid_downloads_available_before_status_poll" time="0.296" /><testcase classname="backend.tests.test_payments_status_fallback_regression" name="test_paid_status_fallback_does_not_downgrade_paid_state" time="0.563" /><testcase classname="backend.tests.test_payments_status_fallback_regression" name="test_paid_downloads_still_available_after_status_poll" time="0.393" /><testcase classname="backend.tests.test_payments_status_fallback_regression" name="test_unpaid_session_still_has_no_download_links" time="0.811"><failure message="AssertionError: assert 'pending' in ['unpaid', 'paid', 'no_payment_required']">backend/tests/test_payments_status_fallback_regression.py:202: in test_unpaid_session_still_has_no_download_links
    assert status_data["payment_status"] in ["unpaid", "paid", "no_payment_required"]
E   AssertionError: assert 'pending' in ['unpaid', 'paid', 'no_payment_required']</failure></testcase><testcase classname="backend.tests.test_payments_status_fallback_regression" name="test_admin_analytics_dashboard_blog_testimonials_smoke" time="0.200" /></testsuite></testsuites>